packages/android/source/app/build/outputs/mapping/release/mapping.txt
# compiler: R8
# compiler_version: 2.1.86
# min_api: 19
# pg_map_id: 1fb9f52
# common_typos_disable
app.web.spanion_todo.twa.LauncherActivity -> app.web.spanion_todo.twa.LauncherActivity:
    android.net.Uri getLaunchingUrl() -> g
...
androidx.browser.trusted.NotificationApiHelperForM -> b.a.c.b:
    android.os.Parcelable[] getActiveNotifications(android.app.NotificationManager) -> a
androidx.browser.trusted.NotificationApiHelperForO -> b.a.c.c:
    android.app.Notification copyNotificationOntoChannel(android.content.Context,android.app.NotificationManager,android.app.Notification,java.lang.String,java.lang.String) -> a
    boolean isChannelEnabled(android.app.NotificationManager,java.lang.String) -> b
androidx.browser.trusted.PackageIdentityUtils -> b.a.c.d:
    byte[] getCertificateSHA256Fingerprint(android.content.pm.Signature) -> a
    java.util.List getFingerprintsForPackage(java.lang.String,android.content.pm.PackageManager) -> b
    androidx.browser.trusted.PackageIdentityUtils$SignaturesCompat getImpl() -> c
    boolean packageMatchesToken(java.lang.String,android.content.pm.PackageManager,androidx.browser.trusted.TokenContents) -> d
androidx.browser.trusted.PackageIdentityUtils$Api28Implementation -> b.a.c.d$a:
    java.util.List getFingerprintsForPackage(java.lang.String,android.content.pm.PackageManager) -> a
    boolean packageMatchesToken(java.lang.String,android.content.pm.PackageManager,androidx.browser.trusted.TokenContents) -> b
androidx.browser.trusted.PackageIdentityUtils$Pre28Implementation -> b.a.c.d$b:
    java.util.List getFingerprintsForPackage(java.lang.String,android.content.pm.PackageManager) -> a
    boolean packageMatchesToken(java.lang.String,android.content.pm.PackageManager,androidx.browser.trusted.TokenContents) -> b
androidx.browser.trusted.PackageIdentityUtils$SignaturesCompat -> b.a.c.d$c:
    java.util.List getFingerprintsForPackage(java.lang.String,android.content.pm.PackageManager) -> a
    boolean packageMatchesToken(java.lang.String,android.content.pm.PackageManager,androidx.browser.trusted.TokenContents) -> b
androidx.browser.trusted.Token -> b.a.c.e:
    androidx.browser.trusted.TokenContents mContents -> a
    androidx.browser.trusted.Token create(java.lang.String,android.content.pm.PackageManager) -> a
    androidx.browser.trusted.Token deserialize(byte[]) -> b
    boolean matches(java.lang.String,android.content.pm.PackageManager) -> c
    byte[] serialize() -> d
androidx.browser.trusted.TokenContents -> b.a.c.f:
    byte[] mContents -> a
    java.util.List mFingerprints -> c
    java.lang.String mPackageName -> b
    int compareByteArrays(byte[],byte[]) -> a
    androidx.browser.trusted.TokenContents create(java.lang.String,java.util.List) -> b
    byte[] createToken(java.lang.String,java.util.List) -> c
    androidx.browser.trusted.TokenContents deserialize(byte[]) -> d
    byte[] getFingerprint(int) -> e
    java.lang.String getPackageName() -> f
    int lambda$Q7kOl2yBde7CmQs5Ktpiz56Nr70(byte[],byte[]) -> g
    void parseIfNeeded() -> h
    byte[] serialize() -> i
androidx.browser.trusted.TokenStore -> b.a.c.g:
    void store(androidx.browser.trusted.Token) -> a
    androidx.browser.trusted.Token load() -> b
androidx.browser.trusted.TrustedWebActivityCallbackRemote -> b.a.c.h:
    android.support.customtabs.trusted.ITrustedWebActivityCallback mCallbackBinder -> a
    androidx.browser.trusted.TrustedWebActivityCallbackRemote fromBinder(android.os.IBinder) -> a
androidx.browser.trusted.TrustedWebActivityDisplayMode -> b.a.c.i:
    android.os.Bundle toBundle() -> a
androidx.browser.trusted.TrustedWebActivityDisplayMode$DefaultMode -> b.a.c.i$a:
    android.os.Bundle toBundle() -> a
androidx.browser.trusted.TrustedWebActivityDisplayMode$ImmersiveMode -> b.a.c.i$b:
    boolean mIsSticky -> a
    int mLayoutInDisplayCutoutMode -> b
    android.os.Bundle toBundle() -> a
androidx.browser.trusted.TrustedWebActivityIntent -> b.a.c.j:
    java.util.List mSharedFileUris -> b
    android.content.Intent mIntent -> a
    android.content.Intent getIntent() -> a
    void grantUriPermissionToProvider(android.content.Context) -> b
    void launchTrustedWebActivity(android.content.Context) -> c