packages/android/source/app/build/outputs/mapping/release/usage.txt
app.web.spanion_todo.twa.R$style
app.web.spanion_todo.twa.R$bool
app.web.spanion_todo.twa.R$xml
app.web.spanion_todo.twa.R$mipmap
app.web.spanion_todo.twa.R$dimen
app.web.spanion_todo.twa.R$string
app.web.spanion_todo.twa.R$id
app.web.spanion_todo.twa.R
app.web.spanion_todo.twa.R$styleable
app.web.spanion_todo.twa.R$drawable
app.web.spanion_todo.twa.R$color
app.web.spanion_todo.twa.R$attr
app.web.spanion_todo.twa.R$raw
app.web.spanion_todo.twa.R$integer
app.web.spanion_todo.twa.BuildConfig
app.web.spanion_todo.twa.R$layout
...
androidx.lifecycle.LifecycleRegistry$ObserverWithState
android.support.customtabs.ICustomTabsService$Stub$Proxy:
    public java.lang.String getInterfaceDescriptor()
    public boolean mayLaunchUrl(android.support.customtabs.ICustomTabsCallback,android.net.Uri,android.os.Bundle,java.util.List)
    public android.os.Bundle extraCommand(java.lang.String,android.os.Bundle)
    public boolean updateVisuals(android.support.customtabs.ICustomTabsCallback,android.os.Bundle)
    public boolean requestPostMessageChannel(android.support.customtabs.ICustomTabsCallback,android.net.Uri)
    public boolean requestPostMessageChannelWithExtras(android.support.customtabs.ICustomTabsCallback,android.net.Uri,android.os.Bundle)
    public int postMessage(android.support.customtabs.ICustomTabsCallback,java.lang.String,android.os.Bundle)
androidx.core.app.BundleCompat:
    private void <init>()
    public static android.os.IBinder getBinder(android.os.Bundle,java.lang.String)
androidx.core.graphics.drawable.TintAwareDrawable:
    public abstract void setTint(int)
    public abstract void setTintList(android.content.res.ColorStateList)
    public abstract void setTintMode(android.graphics.PorterDuff$Mode)
androidx.annotation.AnimRes
androidx.annotation.XmlRes
androidx.core.app.NavUtils
androidx.core.graphics.ColorUtils
androidx.core.graphics.TypefaceCompatBaseImpl
androidx.core.view.ViewCompat$NestedScrollType
androidx.core.view.DragStartHelper
androidx.lifecycle.Lifecycle$State
androidx.core.content.res.ResourcesCompat
com.google.androidbrowserhelper.trusted.Utils:
    public void <init>()
com.google.androidbrowserhelper.R$id
androidx.annotation.IntDef
androidx.core.os.CancellationSignal$OnCancelListener
androidx.browser.R$string
androidx.versionedparcelable.VersionedParcel:
    private void writeCollection(java.util.Collection,int)
    private void writeCollection(java.util.Collection)
    private int getType(java.lang.Object)
    private void writeSerializable(java.io.Serializable)
    private int readExceptionCode()
    private java.lang.Exception readException(int,java.lang.String)
    protected static java.lang.Throwable getRootCause(java.lang.Throwable)
    private java.lang.Exception createException(int,java.lang.String)
    private java.util.Collection readCollection(java.util.Collection)
    protected abstract void writeByteArray(byte[],int,int)
    protected abstract void writeLong(long)
    protected abstract void writeFloat(float)
    protected abstract void writeDouble(double)
    protected abstract void writeStrongBinder(android.os.IBinder)
    protected abstract void writeStrongInterface(android.os.IInterface)
    protected abstract void writeBundle(android.os.Bundle)
    protected abstract long readLong()
    protected abstract float readFloat()
    protected abstract double readDouble()
    protected abstract android.os.IBinder readStrongBinder()
    protected abstract android.os.Bundle readBundle()
    public void writeStrongInterface(android.os.IInterface,int)
    public void writeBundle(android.os.Bundle,int)
    public void writeByteArray(byte[],int,int,int)
    public void writeLong(long,int)
    public void writeFloat(float,int)
    public void writeDouble(double,int)
androidx.core.provider.FontsContractCompat$3
androidx.core.view.ViewCompat$3
androidx.core.view.KeyEventDispatcher
androidx.core.net.DatagramSocketWrapper$DatagramSocketImplWrapper
androidx.core.text.TextDirectionHeuristicCompat
androidx.core.graphics.PathSegment
androidx.core.view.NestedScrollingChild3
androidx.core.app.SharedElementCallback
androidx.core.graphics.drawable.IconCompat$IconType
androidx.core.content.res.TypedArrayUtils